<?xml version="1.0" encoding="UTF-8"?>
<!-- Generated by org.testng.reporters.JUnitXMLReporter -->
<testsuite ignored="0" hostname="LAPTOP-IJTKHJ02" failures="0" tests="3" name="Default test" time="8.681" errors="0" timestamp="2025-01-21T12:20:15 IST">
  <testcase classname="testScripts.DemoBlazeTest" name="loginTest" time="1.574"/>
  <testcase classname="testScripts.DemoBlazeTest" name="addItemTest" time="3.584"/>
  <testcase classname="testScripts.DemoBlazeTest" name="checkoutTest" time="2.658"/>
</testsuite> <!-- Default test -->
