<?xml version="1.0" encoding="UTF-8"?>
<testng-results ignored="0" total="2" passed="2" failed="0" skipped="0">
  <reporter-output>
  </reporter-output>
  <suite started-at="2025-01-21T00:34:31 IST" name="Default suite" finished-at="2025-01-21T00:34:37 IST" duration-ms="6491">
    <groups>
      <group name="cucumber">
        <method signature="AbstractTestNGCucumberTests.runScenario(io.cucumber.testng.PickleWrapper,io.cucumber.testng.FeatureWrapper)[pri:0, instance:runners.MyTestRunner@536f2a7e]" name="runScenario" class="io.cucumber.testng.AbstractTestNGCucumberTests"/>
      </group> <!-- cucumber -->
    </groups>
    <test started-at="2025-01-21T00:34:31 IST" name="Default test" finished-at="2025-01-21T00:34:37 IST" duration-ms="6491">
      <class name="runners.MyTestRunner">
        <test-method is-config="true" signature="setUpClass(org.testng.ITestContext)[pri:0, instance:runners.MyTestRunner@536f2a7e]" started-at="2025-01-21T00:34:31 IST" name="setUpClass" finished-at="2025-01-21T00:34:34 IST" duration-ms="2870" status="PASS">
          <params>
            <param index="0">
              <value>
                <![CDATA[org.testng.TestRunner@44536de4]]>
              </value>
            </param>
          </params>
          <reporter-output>
          </reporter-output>
        </test-method> <!-- setUpClass -->
        <test-method signature="runScenario(io.cucumber.testng.PickleWrapper,io.cucumber.testng.FeatureWrapper)[pri:0, instance:runners.MyTestRunner@536f2a7e]" started-at="2025-01-21T00:34:34 IST" name="runScenario" description="Runs Cucumber Scenarios" data-provider="scenarios" finished-at="2025-01-21T00:34:36 IST" duration-ms="2062" status="PASS">
          <params>
            <param index="0">
              <value>
                <![CDATA["Add Item to cart"]]>
              </value>
            </param>
            <param index="1">
              <value>
                <![CDATA["Place order"]]>
              </value>
            </param>
          </params>
          <reporter-output>
          </reporter-output>
        </test-method> <!-- runScenario -->
        <test-method signature="runScenario(io.cucumber.testng.PickleWrapper,io.cucumber.testng.FeatureWrapper)[pri:0, instance:runners.MyTestRunner@536f2a7e]" started-at="2025-01-21T00:34:36 IST" name="runScenario" description="Runs Cucumber Scenarios" data-provider="scenarios" finished-at="2025-01-21T00:34:37 IST" duration-ms="1469" status="PASS">
          <params>
            <param index="0">
              <value>
                <![CDATA["Checkout Order"]]>
              </value>
            </param>
            <param index="1">
              <value>
                <![CDATA["Place order"]]>
              </value>
            </param>
          </params>
          <reporter-output>
          </reporter-output>
        </test-method> <!-- runScenario -->
        <test-method is-config="true" signature="tearDownClass()[pri:0, instance:runners.MyTestRunner@536f2a7e]" started-at="2025-01-21T00:34:37 IST" name="tearDownClass" finished-at="2025-01-21T00:34:37 IST" duration-ms="27" status="PASS">
          <reporter-output>
          </reporter-output>
        </test-method> <!-- tearDownClass -->
      </class> <!-- runners.MyTestRunner -->
    </test> <!-- Default test -->
  </suite> <!-- Default suite -->
</testng-results>
