<?xml version="1.0" encoding="UTF-8"?>
<testng-results ignored="0" total="3" passed="3" failed="0" skipped="0">
  <reporter-output>
  </reporter-output>
  <suite started-at="2025-01-21T12:20:07 IST" name="Default suite" finished-at="2025-01-21T12:20:15 IST" duration-ms="8681">
    <groups>
    </groups>
    <test started-at="2025-01-21T12:20:07 IST" name="Default test" finished-at="2025-01-21T12:20:15 IST" duration-ms="8681">
      <class name="testScripts.DemoBlazeTest">
        <test-method is-config="true" signature="setup()[pri:0, instance:testScripts.DemoBlazeTest@2f7a7219]" started-at="2025-01-21T12:20:07 IST" name="setup" finished-at="2025-01-21T12:20:07 IST" duration-ms="817" status="PASS">
          <reporter-output>
          </reporter-output>
        </test-method> <!-- setup -->
        <test-method signature="loginTest()[pri:1, instance:testScripts.DemoBlazeTest@2f7a7219]" started-at="2025-01-21T12:20:07 IST" name="loginTest" finished-at="2025-01-21T12:20:09 IST" duration-ms="1574" status="PASS">
          <reporter-output>
          </reporter-output>
        </test-method> <!-- loginTest -->
        <test-method signature="addItemTest()[pri:2, instance:testScripts.DemoBlazeTest@2f7a7219]" started-at="2025-01-21T12:20:09 IST" name="addItemTest" finished-at="2025-01-21T12:20:13 IST" duration-ms="3584" status="PASS">
          <reporter-output>
          </reporter-output>
        </test-method> <!-- addItemTest -->
        <test-method signature="checkoutTest()[pri:3, instance:testScripts.DemoBlazeTest@2f7a7219]" started-at="2025-01-21T12:20:13 IST" name="checkoutTest" finished-at="2025-01-21T12:20:15 IST" duration-ms="2658" status="PASS">
          <reporter-output>
          </reporter-output>
        </test-method> <!-- checkoutTest -->
      </class> <!-- testScripts.DemoBlazeTest -->
    </test> <!-- Default test -->
  </suite> <!-- Default suite -->
</testng-results>
